Parameters loaded successfully.
Model loaded successfully.
Test data loaded successfully.
Predictions made successfully.
Accuracy: 0.5005
Precision: 0.5032658350871777
Recall: 0.5005
AUC: 0.6770550809481316
Model evaluation completed with accuracy: 0.5005
Classification Report:
              precision    recall  f1-score   support

           0       0.45      0.80      0.58      4520
           1       0.61      0.48      0.54      4593
           2       0.40      0.07      0.11      2887

    accuracy                           0.50     12000
   macro avg       0.49      0.45      0.41     12000
weighted avg       0.50      0.50      0.45     12000

Predictions saved successfully to ./data/predictions/predicted_results.csv.
Prediction completed with max_features: 100
Parameters loaded successfully.
Model loaded successfully.
Test data loaded successfully.
Predictions made successfully.
Accuracy: 0.5005
Precision: 0.5032658350871777
Recall: 0.5005
AUC: 0.6770550809481316
Model evaluation metrics calculated
Metrics saved to reports/metrics.json
Predictions saved successfully to ./data/predictions/predicted_results.csv.
Prediction completed with max_features: 100
Parameters loaded successfully.
Model loaded successfully.
Test data loaded successfully.
Predictions made successfully.
Accuracy: 0.4989375
Precision: 0.49429987825827504
Recall: 0.4989375
AUC: 0.6765789343303107
Model evaluation metrics calculated
Metrics saved to reports/metrics.json
Predictions saved successfully to ./data/predictions/predicted_results.csv.
Prediction completed with max_features: 90
